120506 18:48:51 [Note] Plugin 'FEDERATED' is disabled.
120506 18:48:51 InnoDB: The InnoDB memory heap is disabled
120506 18:48:51 InnoDB: Mutexes and rw_locks use Windows interlocked functions
120506 18:48:51 InnoDB: Compressed tables use zlib 1.2.3
120506 18:48:51 InnoDB: Initializing buffer pool, size = 107.0M
120506 18:48:51 InnoDB: Completed initialization of buffer pool
InnoDB: The first specified data file .\ibdata1 did not exist:
InnoDB: a new database to be created!
120506 18:48:51  InnoDB: Setting file .\ibdata1 size to 10 MB
InnoDB: Database physically writes the file full: wait...
120506 18:48:51  InnoDB: Log file .\ib_logfile0 did not exist: new to be created
InnoDB: Setting log file .\ib_logfile0 size to 54 MB
InnoDB: Database physically writes the file full: wait...
120506 18:48:51  InnoDB: Log file .\ib_logfile1 did not exist: new to be created
InnoDB: Setting log file .\ib_logfile1 size to 54 MB
InnoDB: Database physically writes the file full: wait...
InnoDB: Doublewrite buffer not found: creating new
InnoDB: Doublewrite buffer created
InnoDB: 127 rollback segment(s) active.
InnoDB: Creating foreign key constraint system tables
InnoDB: Foreign key constraint system tables created
120506 18:48:51  InnoDB: Waiting for the background threads to start
120506 18:48:52 InnoDB: 1.1.8 started; log sequence number 0
120506 18:48:52 [Note] Event Scheduler: Loaded 0 events
120506 18:48:52 [Note] C:\Program Files (x86)\MySQL\MySQL Server 5.5\bin\mysqld.exe: ready for connections.
Version: '5.5.23'  socket: ''  port: 3306  MySQL Community Server (GPL)
